
--- Job annuity_calculation.gms Start 09/11/19 10:47:16 28.1.0 r5b48834 WEX-WEI x86 64bit/MS Windows
--- GAMS Parameters defined
    Input C:\Users\tilseb\balmorel_open_modex\base\auxils\annuity_calculation\annuity_calculation.gms
    PageWidth 80
    PageSize 0
    PageContr 3
    Action CE
    ScrDir C:\Users\tilseb\balmorel_open_modex\2\model\225a\
    SysDir C:\GAMS\win64\28.1\
    WorkDir C:\Users\tilseb\balmorel_open_modex\2\model\
    LogOption 3
    DFormat 0
    TFormat 0
    ErrorLog 99
    IDE 1
GAMS 28.1.0   Copyright (C) 1987-2019 GAMS Development. All rights reserved
Licensee: Course License Fall 2019                       G190805/0001AO-GEN
          Technical University of Denmark, Management Engineering    DCE146
          License for teaching and research at degree granting institutions
          License Admin: Thomas Stidsen, thst@man.dtu.dk                   
--- Starting compilation
--- annuity_calculation.gms(28) 2 Mb
--- . ../data/CCCRRRAAA.inc(6) 3 Mb
--- annuity_calculation.gms(33) 3 Mb
--- . ../data/CCC.inc(4) 3 Mb
--- annuity_calculation.gms(38) 3 Mb
--- . ../data/C.inc(4) 3 Mb
--- annuity_calculation.gms(42) 3 Mb
--- . ../data/FFF.inc(83) 3 Mb
--- annuity_calculation.gms(47) 3 Mb
--- . ../data/FDATASET.inc(9) 3 Mb
--- annuity_calculation.gms(52) 3 Mb
--- . ../data/FDATA.inc(47) 3 Mb
--- annuity_calculation.gms(57) 3 Mb
--- . ../data/GGG.inc(7) 3 Mb
--- annuity_calculation.gms(62) 3 Mb
--- . ../data/G.inc(6) 3 Mb
--- annuity_calculation.gms(66) 3 Mb
--- . ../data/GDATASET.inc(60) 3 Mb
--- annuity_calculation.gms(70) 3 Mb
--- . ../data/GDATA.inc(848) 3 Mb
--- annuity_calculation.gms(74) 3 Mb
--- . ../data/DISCOUNTRATE.inc(4) 3 Mb
--- annuity_calculation.gms(78) 3 Mb
--- . ../data/LIFETIME_X.inc(4) 3 Mb
--- annuity_calculation.gms(141) 3 Mb
--- Starting execution: elapsed 0:00:00.109
--- annuity_calculation.gms(1221) 4 Mb
--- Putfile annuity_generation C:\Users\tilseb\balmorel_open_modex\2\model\../../base/auxils/annuity_calculation/ANNUITYCG.inc
--- Putfile annuity_transmission C:\Users\tilseb\balmorel_open_modex\2\model\../../base/auxils/annuity_calculation/ANNUITYCX.inc
*** Status: Normal completion
--- Job annuity_calculation.gms Stop 09/11/19 10:47:16 elapsed 0:00:00.115
